changeowner
Containerfile
default_value.sh
directinput.txt
Efficient-Linux-at-the-Command-Line
example.json
github_user_info.sh
greeter.service
greeter.sh
greeter.timer
here_document.txt
interactive-input.txt
longfile
myfile
ripgrep.yaml
rsync_dir
scp_remote
shfmt_example.sh
somealias
some.log
ssalias
status_code.txt
stderr.txt
stdout.txt
textual.txt
changeowner
Containerfile
default_value.sh
directinput.txt
Efficient-Linux-at-the-Command-Line
example.json
github_user_info.sh
greeter.service
greeter.sh
greeter.timer
here_document.txt
interactive-input.txt
longfile
myfile
ripgrep.yaml
rsync_dir
scp_remote
shfmt_example.sh
somealias
some.log
ssalias
status_code.txt
stderr.txt
stdout.txt
textual.txt
changeowner
Containerfile
default_value.sh
directinput.txt
Efficient-Linux-at-the-Command-Line
example.json
github_user_info.sh
greeter.service
greeter.sh
greeter.timer
here_document.txt
interactive-input.txt
longfile
myfile
ripgrep.yaml
rsync_dir
scp_remote
shfmt_example.sh
somealias
some.log
ssalias
status_code.txt
stderr.txt
stdout.txt
textual.txt
changeowner
Containerfile
default_value.sh
directinput.txt
Efficient-Linux-at-the-Command-Line
example.json
github_user_info.sh
greeter.service
greeter.sh
greeter.timer
here_document.txt
interactive-input.txt
longfile
myfile
ripgrep.yaml
rsync_dir
scp_remote
shfmt_example.sh
somealias
some.log
ssalias
status_code.txt
stderr.txt
stdout.txt
textual.txt
changeowner
Containerfile
default_value.sh
directinput.txt
Efficient-Linux-at-the-Command-Line
example.json
github_user_info.sh
greeter.service
greeter.sh
greeter.timer
here_document.txt
interactive-input.txt
longfile
myfile
ripgrep.yaml
rsync_dir
scp_remote
shfmt_example.sh
somealias
some.log
ssalias
status_code.txt
stderr.txt
stdout.txt
textual.txt
changeowner
Containerfile
default_value.sh
directinput.txt
Efficient-Linux-at-the-Command-Line
example.json
github_user_info.sh
greeter.service
greeter.sh
greeter.timer
here_document.txt
interactive-input.txt
longfile
myfile
ripgrep.yaml
rsync_dir
scp_remote
shfmt_example.sh
somealias
some.log
ssalias
status_code.txt
stderr.txt
stdout.txt
textual.txt
